Started GET "/" for 127.0.0.1 at 2018-05-11 02:59:59 +0200
Processing by CreativesController#index as HTML
  Rendering creatives/index.html.erb within layouts/creative
  Rendered creatives/_navbar.html.erb (0.3ms)
  Rendered creatives/_header.html.erb (0.3ms)
  Rendered creatives/_services.html.erb (0.5ms)
  Rendered creatives/_portfolio.html.erb (1047.1ms)
  Rendered creatives/_contact.html.erb (0.3ms)
  Rendered creatives/index.html.erb within layouts/creative (1061.5ms)
Completed 200 OK in 1424ms (Views: 1204.4ms)


Started GET "/" for 127.0.0.1 at 2018-05-11 03:07:15 +0200
Processing by CreativesController#index as HTML
  Rendering creatives/index.html.erb within layouts/creative
  Rendered creatives/_navbar.html.erb (0.3ms)
  Rendered creatives/_header.html.erb (0.4ms)
  Rendered creatives/_services.html.erb (0.4ms)
  Rendered creatives/_portfolio.html.erb (274.0ms)
  Rendered creatives/_contact.html.erb (0.3ms)
  Rendered creatives/index.html.erb within layouts/creative (289.2ms)
Completed 200 OK in 631ms (Views: 411.2ms)


  
ActionController::RoutingError (No route matches [GET] "/assets/bootstrap.css.map"):
  
actionpack (5.1.5) lib/action_dispatch/middleware/debug_exceptions.rb:63:in `call'
web-console (3.5.1) lib/web_console/middleware.rb:135:in `call_app'
web-console (3.5.1) lib/web_console/middleware.rb:28:in `block in call'
web-console (3.5.1) lib/web_console/middleware.rb:18:in `catch'
web-console (3.5.1) lib/web_console/middleware.rb:18:in `call'
actionpack (5.1.5) lib/action_dispatch/middleware/show_exceptions.rb:31:in `call'
railties (5.1.5) lib/rails/rack/logger.rb:36:in `call_app'
railties (5.1.5) lib/rails/rack/logger.rb:24:in `block in call'
activesupport (5.1.5) lib/active_support/tagged_logging.rb:69:in `block in tagged'
activesupport (5.1.5) lib/active_support/tagged_logging.rb:26:in `tagged'
activesupport (5.1.5) lib/active_support/tagged_logging.rb:69:in `tagged'
railties (5.1.5) lib/rails/rack/logger.rb:24:in `call'
sprockets-rails (3.2.1) lib/sprockets/rails/quiet_assets.rb:11:in `block in call'
activesupport (5.1.5) lib/active_support/logger_silence.rb:20:in `silence'
activesupport (5.1.5) lib/active_support/logger.rb:63:in `block (3 levels) in broadcast'
activesupport (5.1.5) lib/active_support/logger_silence.rb:20:in `silence'
activesupport (5.1.5) lib/active_support/logger.rb:61:in `block (2 levels) in broadcast'
sprockets-rails (3.2.1) lib/sprockets/rails/quiet_assets.rb:11:in `call'
actionpack (5.1.5) lib/action_dispatch/middleware/remote_ip.rb:79:in `call'
actionpack (5.1.5) lib/action_dispatch/middleware/request_id.rb:25:in `call'
rack (2.0.4) lib/rack/method_override.rb:22:in `call'
rack (2.0.4) lib/rack/runtime.rb:22:in `call'
activesupport (5.1.5) lib/active_support/cache/strategy/local_cache_middleware.rb:27:in `call'
actionpack (5.1.5) lib/action_dispatch/middleware/executor.rb:12:in `call'
actionpack (5.1.5) lib/action_dispatch/middleware/static.rb:125:in `call'
rack (2.0.4) lib/rack/sendfile.rb:111:in `call'
railties (5.1.5) lib/rails/engine.rb:522:in `call'
puma (3.11.2) lib/puma/configuration.rb:225:in `call'
puma (3.11.2) lib/puma/server.rb:624:in `handle_request'
puma (3.11.2) lib/puma/server.rb:438:in `process_client'
puma (3.11.2) lib/puma/server.rb:302:in `block in run'
puma (3.11.2) lib/puma/thread_pool.rb:120:in `block in spawn_thread'
Started GET "/" for 127.0.0.1 at 2018-05-11 03:10:45 +0200
Processing by CreativesController#index as HTML
  Rendering creatives/index.html.erb within layouts/creative
  Rendered creatives/_navbar.html.erb (0.2ms)
  Rendered creatives/_header.html.erb (0.3ms)
  Rendered creatives/_services.html.erb (0.2ms)
  Rendered creatives/_portfolio.html.erb (159.3ms)
  Rendered creatives/_contact.html.erb (0.5ms)
  Rendered creatives/index.html.erb within layouts/creative (170.4ms)
Completed 200 OK in 365ms (Views: 233.2ms)


Started GET "/" for 127.0.0.1 at 2018-05-11 03:12:00 +0200
Processing by CreativesController#index as HTML
  Rendering creatives/index.html.erb within layouts/creative
  Rendered creatives/_navbar.html.erb (0.3ms)
  Rendered creatives/_header.html.erb (0.3ms)
  Rendered creatives/_services.html.erb (0.3ms)
  Rendered creatives/_portfolio.html.erb (162.1ms)
  Rendered creatives/_contact.html.erb (0.5ms)
  Rendered creatives/index.html.erb within layouts/creative (174.3ms)
Completed 200 OK in 364ms (Views: 231.6ms)


Started GET "/" for 127.0.0.1 at 2018-05-11 03:17:09 +0200
Processing by CreativesController#index as HTML
  Rendering creatives/index.html.erb within layouts/creative
  Rendered creatives/_navbar.html.erb (0.2ms)
  Rendered creatives/_header.html.erb (0.2ms)
  Rendered creatives/_services.html.erb (0.2ms)
  Rendered creatives/_portfolio.html.erb (158.9ms)
  Rendered creatives/_contact.html.erb (0.4ms)
  Rendered creatives/index.html.erb within layouts/creative (170.3ms)
Completed 200 OK in 387ms (Views: 256.8ms)


Started GET "/" for 127.0.0.1 at 2018-05-11 03:17:43 +0200
Processing by CreativesController#index as HTML
  Rendering creatives/index.html.erb within layouts/creative
  Rendered creatives/_navbar.html.erb (0.2ms)
  Rendered creatives/_header.html.erb (0.2ms)
  Rendered creatives/_services.html.erb (0.4ms)
  Rendered creatives/_portfolio.html.erb (157.8ms)
  Rendered creatives/_contact.html.erb (0.4ms)
  Rendered creatives/index.html.erb within layouts/creative (169.7ms)
Completed 200 OK in 365ms (Views: 235.1ms)


Started GET "/" for 127.0.0.1 at 2018-05-11 03:20:01 +0200
Processing by CreativesController#index as HTML
  Rendering creatives/index.html.erb within layouts/creative
  Rendered creatives/_navbar.html.erb (0.2ms)
  Rendered creatives/_header.html.erb (0.3ms)
  Rendered creatives/_services.html.erb (0.3ms)
  Rendered creatives/_portfolio.html.erb (157.6ms)
  Rendered creatives/_contact.html.erb (0.4ms)
  Rendered creatives/index.html.erb within layouts/creative (168.5ms)
Completed 200 OK in 381ms (Views: 249.5ms)


Started GET "/" for 127.0.0.1 at 2018-05-11 03:25:50 +0200
Processing by CreativesController#index as HTML
  Rendering creatives/index.html.erb within layouts/creative
  Rendered creatives/_navbar.html.erb (0.2ms)
  Rendered creatives/_header.html.erb (0.3ms)
  Rendered creatives/_services.html.erb (0.2ms)
  Rendered creatives/_portfolio.html.erb (175.2ms)
  Rendered creatives/_contact.html.erb (0.4ms)
  Rendered creatives/index.html.erb within layouts/creative (186.7ms)
Completed 200 OK in 396ms (Views: 263.4ms)


Started GET "/" for 127.0.0.1 at 2018-05-11 03:28:07 +0200
Processing by CreativesController#index as HTML
  Rendering creatives/index.html.erb within layouts/creative
  Rendered creatives/_navbar.html.erb (0.3ms)
  Rendered creatives/_header.html.erb (0.3ms)
  Rendered creatives/_services.html.erb (0.2ms)
  Rendered creatives/_portfolio.html.erb (177.2ms)
  Rendered creatives/_contact.html.erb (0.5ms)
  Rendered creatives/index.html.erb within layouts/creative (188.4ms)
Completed 200 OK in 421ms (Views: 284.0ms)


Started GET "/" for 127.0.0.1 at 2018-05-11 03:29:39 +0200
Processing by CreativesController#index as HTML
  Rendering creatives/index.html.erb within layouts/creative
  Rendered creatives/_navbar.html.erb (0.2ms)
  Rendered creatives/_header.html.erb (0.3ms)
  Rendered creatives/_services.html.erb (0.2ms)
  Rendered creatives/_portfolio.html.erb (160.6ms)
  Rendered creatives/_contact.html.erb (0.4ms)
  Rendered creatives/index.html.erb within layouts/creative (172.0ms)
Completed 200 OK in 362ms (Views: 230.0ms)


Started GET "/" for 127.0.0.1 at 2018-05-11 03:31:33 +0200
Processing by CreativesController#index as HTML
  Rendering creatives/index.html.erb within layouts/creative
  Rendered creatives/_navbar.html.erb (0.2ms)
  Rendered creatives/_header.html.erb (0.2ms)
  Rendered creatives/_services.html.erb (0.3ms)
  Rendered creatives/_portfolio.html.erb (170.5ms)
  Rendered creatives/_contact.html.erb (0.5ms)
  Rendered creatives/index.html.erb within layouts/creative (182.0ms)
Completed 200 OK in 381ms (Views: 242.8ms)


  
ActionController::RoutingError (No route matches [GET] "/assets/bootstrap.css.map"):
  
actionpack (5.1.5) lib/action_dispatch/middleware/debug_exceptions.rb:63:in `call'
web-console (3.5.1) lib/web_console/middleware.rb:135:in `call_app'
web-console (3.5.1) lib/web_console/middleware.rb:28:in `block in call'
web-console (3.5.1) lib/web_console/middleware.rb:18:in `catch'
web-console (3.5.1) lib/web_console/middleware.rb:18:in `call'
actionpack (5.1.5) lib/action_dispatch/middleware/show_exceptions.rb:31:in `call'
railties (5.1.5) lib/rails/rack/logger.rb:36:in `call_app'
railties (5.1.5) lib/rails/rack/logger.rb:24:in `block in call'
activesupport (5.1.5) lib/active_support/tagged_logging.rb:69:in `block in tagged'
activesupport (5.1.5) lib/active_support/tagged_logging.rb:26:in `tagged'
activesupport (5.1.5) lib/active_support/tagged_logging.rb:69:in `tagged'
railties (5.1.5) lib/rails/rack/logger.rb:24:in `call'
sprockets-rails (3.2.1) lib/sprockets/rails/quiet_assets.rb:11:in `block in call'
activesupport (5.1.5) lib/active_support/logger_silence.rb:20:in `silence'
activesupport (5.1.5) lib/active_support/logger.rb:63:in `block (3 levels) in broadcast'
activesupport (5.1.5) lib/active_support/logger_silence.rb:20:in `silence'
activesupport (5.1.5) lib/active_support/logger.rb:61:in `block (2 levels) in broadcast'
sprockets-rails (3.2.1) lib/sprockets/rails/quiet_assets.rb:11:in `call'
actionpack (5.1.5) lib/action_dispatch/middleware/remote_ip.rb:79:in `call'
actionpack (5.1.5) lib/action_dispatch/middleware/request_id.rb:25:in `call'
rack (2.0.4) lib/rack/method_override.rb:22:in `call'
rack (2.0.4) lib/rack/runtime.rb:22:in `call'
activesupport (5.1.5) lib/active_support/cache/strategy/local_cache_middleware.rb:27:in `call'
actionpack (5.1.5) lib/action_dispatch/middleware/executor.rb:12:in `call'
actionpack (5.1.5) lib/action_dispatch/middleware/static.rb:125:in `call'
rack (2.0.4) lib/rack/sendfile.rb:111:in `call'
railties (5.1.5) lib/rails/engine.rb:522:in `call'
puma (3.11.2) lib/puma/configuration.rb:225:in `call'
puma (3.11.2) lib/puma/server.rb:624:in `handle_request'
puma (3.11.2) lib/puma/server.rb:438:in `process_client'
puma (3.11.2) lib/puma/server.rb:302:in `block in run'
puma (3.11.2) lib/puma/thread_pool.rb:120:in `block in spawn_thread'
  
ActionController::RoutingError (No route matches [GET] "/assets/bootstrap.css.map"):
  
actionpack (5.1.5) lib/action_dispatch/middleware/debug_exceptions.rb:63:in `call'
web-console (3.5.1) lib/web_console/middleware.rb:135:in `call_app'
web-console (3.5.1) lib/web_console/middleware.rb:28:in `block in call'
web-console (3.5.1) lib/web_console/middleware.rb:18:in `catch'
web-console (3.5.1) lib/web_console/middleware.rb:18:in `call'
actionpack (5.1.5) lib/action_dispatch/middleware/show_exceptions.rb:31:in `call'
railties (5.1.5) lib/rails/rack/logger.rb:36:in `call_app'
railties (5.1.5) lib/rails/rack/logger.rb:24:in `block in call'
activesupport (5.1.5) lib/active_support/tagged_logging.rb:69:in `block in tagged'
activesupport (5.1.5) lib/active_support/tagged_logging.rb:26:in `tagged'
activesupport (5.1.5) lib/active_support/tagged_logging.rb:69:in `tagged'
railties (5.1.5) lib/rails/rack/logger.rb:24:in `call'
sprockets-rails (3.2.1) lib/sprockets/rails/quiet_assets.rb:11:in `block in call'
activesupport (5.1.5) lib/active_support/logger_silence.rb:20:in `silence'
activesupport (5.1.5) lib/active_support/logger.rb:63:in `block (3 levels) in broadcast'
activesupport (5.1.5) lib/active_support/logger_silence.rb:20:in `silence'
activesupport (5.1.5) lib/active_support/logger.rb:61:in `block (2 levels) in broadcast'
sprockets-rails (3.2.1) lib/sprockets/rails/quiet_assets.rb:11:in `call'
actionpack (5.1.5) lib/action_dispatch/middleware/remote_ip.rb:79:in `call'
actionpack (5.1.5) lib/action_dispatch/middleware/request_id.rb:25:in `call'
rack (2.0.4) lib/rack/method_override.rb:22:in `call'
rack (2.0.4) lib/rack/runtime.rb:22:in `call'
activesupport (5.1.5) lib/active_support/cache/strategy/local_cache_middleware.rb:27:in `call'
actionpack (5.1.5) lib/action_dispatch/middleware/executor.rb:12:in `call'
actionpack (5.1.5) lib/action_dispatch/middleware/static.rb:125:in `call'
rack (2.0.4) lib/rack/sendfile.rb:111:in `call'
railties (5.1.5) lib/rails/engine.rb:522:in `call'
puma (3.11.2) lib/puma/configuration.rb:225:in `call'
puma (3.11.2) lib/puma/server.rb:624:in `handle_request'
puma (3.11.2) lib/puma/server.rb:438:in `process_client'
puma (3.11.2) lib/puma/server.rb:302:in `block in run'
puma (3.11.2) lib/puma/thread_pool.rb:120:in `block in spawn_thread'
Started GET "/" for 127.0.0.1 at 2018-05-11 03:36:31 +0200
Processing by CreativesController#index as HTML
  Rendering creatives/index.html.erb within layouts/creative
  Rendered creatives/_navbar.html.erb (0.2ms)
  Rendered creatives/_header.html.erb (0.2ms)
  Rendered creatives/_services.html.erb (0.2ms)
  Rendered creatives/_portfolio.html.erb (567.3ms)
  Rendered creatives/_contact.html.erb (0.3ms)
  Rendered creatives/index.html.erb within layouts/creative (576.7ms)
Completed 200 OK in 819ms (Views: 686.2ms)


  
ActionController::RoutingError (No route matches [GET] "/assets/bootstrap.css.map"):
  
actionpack (5.1.5) lib/action_dispatch/middleware/debug_exceptions.rb:63:in `call'
web-console (3.5.1) lib/web_console/middleware.rb:135:in `call_app'
web-console (3.5.1) lib/web_console/middleware.rb:28:in `block in call'
web-console (3.5.1) lib/web_console/middleware.rb:18:in `catch'
web-console (3.5.1) lib/web_console/middleware.rb:18:in `call'
actionpack (5.1.5) lib/action_dispatch/middleware/show_exceptions.rb:31:in `call'
railties (5.1.5) lib/rails/rack/logger.rb:36:in `call_app'
railties (5.1.5) lib/rails/rack/logger.rb:24:in `block in call'
activesupport (5.1.5) lib/active_support/tagged_logging.rb:69:in `block in tagged'
activesupport (5.1.5) lib/active_support/tagged_logging.rb:26:in `tagged'
activesupport (5.1.5) lib/active_support/tagged_logging.rb:69:in `tagged'
railties (5.1.5) lib/rails/rack/logger.rb:24:in `call'
sprockets-rails (3.2.1) lib/sprockets/rails/quiet_assets.rb:11:in `block in call'
activesupport (5.1.5) lib/active_support/logger_silence.rb:20:in `silence'
activesupport (5.1.5) lib/active_support/logger.rb:63:in `block (3 levels) in broadcast'
activesupport (5.1.5) lib/active_support/logger_silence.rb:20:in `silence'
activesupport (5.1.5) lib/active_support/logger.rb:61:in `block (2 levels) in broadcast'
sprockets-rails (3.2.1) lib/sprockets/rails/quiet_assets.rb:11:in `call'
actionpack (5.1.5) lib/action_dispatch/middleware/remote_ip.rb:79:in `call'
actionpack (5.1.5) lib/action_dispatch/middleware/request_id.rb:25:in `call'
rack (2.0.4) lib/rack/method_override.rb:22:in `call'
rack (2.0.4) lib/rack/runtime.rb:22:in `call'
activesupport (5.1.5) lib/active_support/cache/strategy/local_cache_middleware.rb:27:in `call'
actionpack (5.1.5) lib/action_dispatch/middleware/executor.rb:12:in `call'
actionpack (5.1.5) lib/action_dispatch/middleware/static.rb:125:in `call'
rack (2.0.4) lib/rack/sendfile.rb:111:in `call'
railties (5.1.5) lib/rails/engine.rb:522:in `call'
puma (3.11.2) lib/puma/configuration.rb:225:in `call'
puma (3.11.2) lib/puma/server.rb:624:in `handle_request'
puma (3.11.2) lib/puma/server.rb:438:in `process_client'
puma (3.11.2) lib/puma/server.rb:302:in `block in run'
puma (3.11.2) lib/puma/thread_pool.rb:120:in `block in spawn_thread'
